\BOOKMARK [1][-]{section.1}{Introduction}{}% 1
\BOOKMARK [1][-]{section.2}{Background}{}% 2
\BOOKMARK [1][-]{section.3}{Model Development}{}% 3
\BOOKMARK [2][-]{subsection.3.1}{Agent Creation}{section.3}% 4
\BOOKMARK [2][-]{subsection.3.2}{Retirement age assignment}{section.3}% 5
\BOOKMARK [2][-]{subsection.3.3}{Electricity demand and new capacity growth}{section.3}% 6
\BOOKMARK [2][-]{subsection.3.4}{Annual retirements/additions of new power plant agents}{section.3}% 7
\BOOKMARK [2][-]{subsection.3.5}{Timed entry and diffusion of learning for fusion power plants}{section.3}% 8
\BOOKMARK [2][-]{subsection.3.6}{Summary of scenarios}{section.3}% 9
\BOOKMARK [1][-]{section.4}{Results and Discussion}{}% 10
\BOOKMARK [2][-]{subsection.4.1}{Fleet-wide capacity evolution with fusion power plant entry}{section.4}% 11
\BOOKMARK [2][-]{subsection.4.2}{Market opportunities for fusion power plants versus market capture}{section.4}% 12
\BOOKMARK [2][-]{subsection.4.3}{Carbon budget threshold analysis with fusion technology present}{section.4}% 13
\BOOKMARK [1][-]{section.5}{Limitations and Future Work}{}% 14
\BOOKMARK [1][-]{section.6}{Conclusion}{}% 15
\BOOKMARK [1][-]{section.7}{Acknowledgements}{}% 16
\BOOKMARK [1][-]{section.8}{References}{}% 17
\BOOKMARK [1][-]{section.9}{Appendix}{}% 18
\BOOKMARK [2][-]{subsection.9.1}{Comparison to EIA projections for installed capacity}{section.9}% 19
\BOOKMARK [2][-]{subsection.9.2}{Capacity by generation fuel type in business as usual scenario}{section.9}% 20
